2025-10-12T02:36:24+00:00 [INFO]: Schema update action is called. Handler: "GPLVault_Client::update_schema" Hooked: "gplvault_six_hours_cron"
2025-10-12T02:36:24+00:00 [INFO]: Schema update is successfully completed. Handler: "GPLVault_Client::update_schema" Hooked: "gplvault_six_hours_cron"
2025-10-12T07:00:12+00:00 [INFO]: Client schema fetch action is called. Handler: "GPLVault_Client::update_client_schema" Hooked: "gplvault_fetch_client_schema"
2025-10-12T07:00:12+00:00 [INFO]: Client schema fetch is completed successfully. Handler: "GPLVault_Client::update_client_schema" Hooked: "gplvault_fetch_client_schema"
2025-10-12T08:53:14+00:00 [INFO]: Schema update action is called. Handler: "GPLVault_Client::update_schema" Hooked: "gplvault_six_hours_cron"
2025-10-12T08:53:15+00:00 [INFO]: Schema update is successfully completed. Handler: "GPLVault_Client::update_schema" Hooked: "gplvault_six_hours_cron"
2025-10-12T14:01:07+00:00 [INFO]: Log files clean up action is called. Handler: "GPLVault_Client::cleanup_log_files" Hooked: "gplvault_clean_up_logs"
2025-10-12T14:01:07+00:00 [INFO]: Log file deleted successfully. (api-manager-2025-10-04-b5c5d6875df9a309ba73063a3d86b4e9.log) Handler: "GPLVault_Client::cleanup_log_files" Hooked: "gplvault_clean_up_logs"
2025-10-12T14:01:07+00:00 [INFO]: Log file deleted successfully. (api-manager-2025-10-04-be73613f905fa0308cca81773845ffc3.log) Handler: "GPLVault_Client::cleanup_log_files" Hooked: "gplvault_clean_up_logs"
2025-10-12T14:01:07+00:00 [INFO]: Log file deleted successfully. (cron-actions-2025-10-04-a0167a68e008c5641bddef27cbca4ae1.log) Handler: "GPLVault_Client::cleanup_log_files" Hooked: "gplvault_clean_up_logs"
2025-10-12T14:01:07+00:00 [INFO]: Log file deleted successfully. (cron-actions-2025-10-04-fbd196ba509d34335b14509b1fd24902.log) Handler: "GPLVault_Client::cleanup_log_files" Hooked: "gplvault_clean_up_logs"
2025-10-12T14:01:07+00:00 [INFO]: Log files clean up action is completed. Handler: "GPLVault_Client::cleanup_log_files" Hooked: "gplvault_clean_up_logs"
2025-10-12T14:01:07+00:00 [INFO]: Status check action is called. Handler: "GPLVault_Client::daily_status_check" Hooked: "gplvault_status_check"
2025-10-12T14:01:07+00:00 [INFO]: Status check is completed successfully. Handler: "GPLVault_Client::daily_status_check" Hooked: "gplvault_status_check"
2025-10-12T14:01:08+00:00 [INFO]: Client schema fetch action is called. Handler: "GPLVault_Client::update_client_schema" Hooked: "gplvault_fetch_client_schema"
2025-10-12T14:01:08+00:00 [INFO]: Client schema fetch is completed successfully. Handler: "GPLVault_Client::update_client_schema" Hooked: "gplvault_fetch_client_schema"
2025-10-12T14:01:08+00:00 [INFO]: Schema update action is called. Handler: "GPLVault_Client::update_schema" Hooked: "gplvault_six_hours_cron"
2025-10-12T14:01:08+00:00 [INFO]: Schema update is successfully completed. Handler: "GPLVault_Client::update_schema" Hooked: "gplvault_six_hours_cron"
2025-10-12T20:20:09+00:00 [INFO]: Schema update action is called. Handler: "GPLVault_Client::update_schema" Hooked: "gplvault_six_hours_cron"
2025-10-12T20:20:10+00:00 [INFO]: Schema update is successfully completed. Handler: "GPLVault_Client::update_schema" Hooked: "gplvault_six_hours_cron"
2025-10-12T22:38:20+00:00 [INFO]: Client schema fetch action is called. Handler: "GPLVault_Client::update_client_schema" Hooked: "gplvault_fetch_client_schema"
2025-10-12T22:38:20+00:00 [INFO]: Client schema fetch is completed successfully. Handler: "GPLVault_Client::update_client_schema" Hooked: "gplvault_fetch_client_schema"
