2025-10-14T02:05:34+00:00 [INFO]: Schema update action is called. Handler: "GPLVault_Client::update_schema" Hooked: "gplvault_six_hours_cron"
2025-10-14T02:05:34+00:00 [INFO]: Schema update is successfully completed. Handler: "GPLVault_Client::update_schema" Hooked: "gplvault_six_hours_cron"
2025-10-14T06:12:24+00:00 [INFO]: Client schema fetch action is called. Handler: "GPLVault_Client::update_client_schema" Hooked: "gplvault_fetch_client_schema"
2025-10-14T06:12:24+00:00 [INFO]: Client schema fetch is completed successfully. Handler: "GPLVault_Client::update_client_schema" Hooked: "gplvault_fetch_client_schema"
2025-10-14T08:23:30+00:00 [INFO]: Schema update action is called. Handler: "GPLVault_Client::update_schema" Hooked: "gplvault_six_hours_cron"
2025-10-14T08:23:31+00:00 [INFO]: Schema update is successfully completed. Handler: "GPLVault_Client::update_schema" Hooked: "gplvault_six_hours_cron"
2025-10-14T14:02:31+00:00 [INFO]: Log files clean up action is called. Handler: "GPLVault_Client::cleanup_log_files" Hooked: "gplvault_clean_up_logs"
2025-10-14T14:02:31+00:00 [INFO]: Log file deleted successfully. (api-manager-2025-10-06-4dc2fdc41ad5292e726cd8d4a84e2337.log) Handler: "GPLVault_Client::cleanup_log_files" Hooked: "gplvault_clean_up_logs"
2025-10-14T14:02:31+00:00 [INFO]: Log file deleted successfully. (cron-actions-2025-10-06-3ad897740c9b4496c852e1973294ee7b.log) Handler: "GPLVault_Client::cleanup_log_files" Hooked: "gplvault_clean_up_logs"
2025-10-14T14:02:31+00:00 [INFO]: Log files clean up action is completed. Handler: "GPLVault_Client::cleanup_log_files" Hooked: "gplvault_clean_up_logs"
2025-10-14T14:02:31+00:00 [INFO]: Status check action is called. Handler: "GPLVault_Client::daily_status_check" Hooked: "gplvault_status_check"
2025-10-14T14:02:31+00:00 [INFO]: Status check is completed successfully. Handler: "GPLVault_Client::daily_status_check" Hooked: "gplvault_status_check"
2025-10-14T14:02:32+00:00 [INFO]: Client schema fetch action is called. Handler: "GPLVault_Client::update_client_schema" Hooked: "gplvault_fetch_client_schema"
2025-10-14T14:02:32+00:00 [INFO]: Client schema fetch is completed successfully. Handler: "GPLVault_Client::update_client_schema" Hooked: "gplvault_fetch_client_schema"
2025-10-14T14:02:32+00:00 [INFO]: Schema update action is called. Handler: "GPLVault_Client::update_schema" Hooked: "gplvault_six_hours_cron"
2025-10-14T14:02:32+00:00 [INFO]: Schema update is successfully completed. Handler: "GPLVault_Client::update_schema" Hooked: "gplvault_six_hours_cron"
2025-10-14T20:09:59+00:00 [INFO]: Schema update action is called. Handler: "GPLVault_Client::update_schema" Hooked: "gplvault_six_hours_cron"
2025-10-14T20:10:00+00:00 [INFO]: Schema update is successfully completed. Handler: "GPLVault_Client::update_schema" Hooked: "gplvault_six_hours_cron"
2025-10-14T22:06:32+00:00 [INFO]: Client schema fetch action is called. Handler: "GPLVault_Client::update_client_schema" Hooked: "gplvault_fetch_client_schema"
2025-10-14T22:06:32+00:00 [INFO]: Client schema fetch is completed successfully. Handler: "GPLVault_Client::update_client_schema" Hooked: "gplvault_fetch_client_schema"
