2025-10-13T02:21:10+00:00 [INFO]: Schema update action is called. Handler: "GPLVault_Client::update_schema" Hooked: "gplvault_six_hours_cron"
2025-10-13T02:21:11+00:00 [INFO]: Schema update is successfully completed. Handler: "GPLVault_Client::update_schema" Hooked: "gplvault_six_hours_cron"
2025-10-13T06:41:03+00:00 [INFO]: Client schema fetch action is called. Handler: "GPLVault_Client::update_client_schema" Hooked: "gplvault_fetch_client_schema"
2025-10-13T06:41:03+00:00 [INFO]: Client schema fetch is completed successfully. Handler: "GPLVault_Client::update_client_schema" Hooked: "gplvault_fetch_client_schema"
2025-10-13T08:09:51+00:00 [INFO]: Schema update action is called. Handler: "GPLVault_Client::update_schema" Hooked: "gplvault_six_hours_cron"
2025-10-13T08:09:51+00:00 [INFO]: Schema update is successfully completed. Handler: "GPLVault_Client::update_schema" Hooked: "gplvault_six_hours_cron"
2025-10-13T15:14:20+00:00 [INFO]: Log files clean up action is called. Handler: "GPLVault_Client::cleanup_log_files" Hooked: "gplvault_clean_up_logs"
2025-10-13T15:14:20+00:00 [INFO]: Log file deleted successfully. (api-manager-2025-10-05-fc298641ac183c9bd81733c60af658dc.log) Handler: "GPLVault_Client::cleanup_log_files" Hooked: "gplvault_clean_up_logs"
2025-10-13T15:14:20+00:00 [INFO]: Log file deleted successfully. (cron-actions-2025-10-05-ff3019c470ad861e13d625c6e66fdf9b.log) Handler: "GPLVault_Client::cleanup_log_files" Hooked: "gplvault_clean_up_logs"
2025-10-13T15:14:20+00:00 [INFO]: Log files clean up action is completed. Handler: "GPLVault_Client::cleanup_log_files" Hooked: "gplvault_clean_up_logs"
2025-10-13T15:14:25+00:00 [INFO]: Status check action is called. Handler: "GPLVault_Client::daily_status_check" Hooked: "gplvault_status_check"
2025-10-13T15:14:25+00:00 [INFO]: Status check is completed successfully. Handler: "GPLVault_Client::daily_status_check" Hooked: "gplvault_status_check"
2025-10-13T15:14:26+00:00 [INFO]: Client schema fetch action is called. Handler: "GPLVault_Client::update_client_schema" Hooked: "gplvault_fetch_client_schema"
2025-10-13T15:14:26+00:00 [INFO]: Client schema fetch is completed successfully. Handler: "GPLVault_Client::update_client_schema" Hooked: "gplvault_fetch_client_schema"
2025-10-13T15:14:26+00:00 [INFO]: Schema update action is called. Handler: "GPLVault_Client::update_schema" Hooked: "gplvault_six_hours_cron"
2025-10-13T15:14:26+00:00 [INFO]: Schema update is successfully completed. Handler: "GPLVault_Client::update_schema" Hooked: "gplvault_six_hours_cron"
2025-10-13T20:16:07+00:00 [INFO]: Schema update action is called. Handler: "GPLVault_Client::update_schema" Hooked: "gplvault_six_hours_cron"
2025-10-13T20:16:07+00:00 [INFO]: Schema update is successfully completed. Handler: "GPLVault_Client::update_schema" Hooked: "gplvault_six_hours_cron"
2025-10-13T22:10:02+00:00 [INFO]: Client schema fetch action is called. Handler: "GPLVault_Client::update_client_schema" Hooked: "gplvault_fetch_client_schema"
2025-10-13T22:10:02+00:00 [INFO]: Client schema fetch is completed successfully. Handler: "GPLVault_Client::update_client_schema" Hooked: "gplvault_fetch_client_schema"
