2025-10-10T02:31:46+00:00 [INFO]: Schema update action is called. Handler: "GPLVault_Client::update_schema" Hooked: "gplvault_six_hours_cron"
2025-10-10T02:31:47+00:00 [INFO]: Schema update is successfully completed. Handler: "GPLVault_Client::update_schema" Hooked: "gplvault_six_hours_cron"
2025-10-10T06:35:02+00:00 [INFO]: Client schema fetch action is called. Handler: "GPLVault_Client::update_client_schema" Hooked: "gplvault_fetch_client_schema"
2025-10-10T06:35:02+00:00 [INFO]: Client schema fetch is completed successfully. Handler: "GPLVault_Client::update_client_schema" Hooked: "gplvault_fetch_client_schema"
2025-10-10T08:23:07+00:00 [INFO]: Schema update action is called. Handler: "GPLVault_Client::update_schema" Hooked: "gplvault_six_hours_cron"
2025-10-10T08:23:07+00:00 [INFO]: Schema update is successfully completed. Handler: "GPLVault_Client::update_schema" Hooked: "gplvault_six_hours_cron"
2025-10-10T15:19:57+00:00 [INFO]: Log files clean up action is called. Handler: "GPLVault_Client::cleanup_log_files" Hooked: "gplvault_clean_up_logs"
2025-10-10T15:19:57+00:00 [INFO]: Log file deleted successfully. (api-manager-2025-10-02-d59cc8cb603cde3b7239d1ba6fb09ad5.log) Handler: "GPLVault_Client::cleanup_log_files" Hooked: "gplvault_clean_up_logs"
2025-10-10T15:19:57+00:00 [INFO]: Log file deleted successfully. (cron-actions-2025-10-02-46fd4f35769b93771bcab15a4b97d648.log) Handler: "GPLVault_Client::cleanup_log_files" Hooked: "gplvault_clean_up_logs"
2025-10-10T15:19:57+00:00 [INFO]: Log files clean up action is completed. Handler: "GPLVault_Client::cleanup_log_files" Hooked: "gplvault_clean_up_logs"
2025-10-10T15:19:57+00:00 [INFO]: Status check action is called. Handler: "GPLVault_Client::daily_status_check" Hooked: "gplvault_status_check"
2025-10-10T15:19:57+00:00 [INFO]: Status check is completed successfully. Handler: "GPLVault_Client::daily_status_check" Hooked: "gplvault_status_check"
2025-10-10T15:19:58+00:00 [INFO]: Client schema fetch action is called. Handler: "GPLVault_Client::update_client_schema" Hooked: "gplvault_fetch_client_schema"
2025-10-10T15:19:58+00:00 [INFO]: Client schema fetch is completed successfully. Handler: "GPLVault_Client::update_client_schema" Hooked: "gplvault_fetch_client_schema"
2025-10-10T15:19:58+00:00 [INFO]: Schema update action is called. Handler: "GPLVault_Client::update_schema" Hooked: "gplvault_six_hours_cron"
2025-10-10T15:19:58+00:00 [INFO]: Schema update is successfully completed. Handler: "GPLVault_Client::update_schema" Hooked: "gplvault_six_hours_cron"
2025-10-10T20:12:43+00:00 [INFO]: Schema update action is called. Handler: "GPLVault_Client::update_schema" Hooked: "gplvault_six_hours_cron"
2025-10-10T20:12:44+00:00 [INFO]: Schema update is successfully completed. Handler: "GPLVault_Client::update_schema" Hooked: "gplvault_six_hours_cron"
2025-10-10T22:21:52+00:00 [INFO]: Client schema fetch action is called. Handler: "GPLVault_Client::update_client_schema" Hooked: "gplvault_fetch_client_schema"
2025-10-10T22:21:52+00:00 [INFO]: Client schema fetch is completed successfully. Handler: "GPLVault_Client::update_client_schema" Hooked: "gplvault_fetch_client_schema"
