2025-10-15T02:05:10+00:00 [INFO]: Schema update action is called. Handler: "GPLVault_Client::update_schema" Hooked: "gplvault_six_hours_cron"
2025-10-15T02:05:10+00:00 [INFO]: Schema update is successfully completed. Handler: "GPLVault_Client::update_schema" Hooked: "gplvault_six_hours_cron"
2025-10-15T06:02:07+00:00 [INFO]: Client schema fetch action is called. Handler: "GPLVault_Client::update_client_schema" Hooked: "gplvault_fetch_client_schema"
2025-10-15T06:02:07+00:00 [INFO]: Client schema fetch is completed successfully. Handler: "GPLVault_Client::update_client_schema" Hooked: "gplvault_fetch_client_schema"
2025-10-15T08:05:47+00:00 [INFO]: Schema update action is called. Handler: "GPLVault_Client::update_schema" Hooked: "gplvault_six_hours_cron"
2025-10-15T08:05:47+00:00 [INFO]: Schema update is successfully completed. Handler: "GPLVault_Client::update_schema" Hooked: "gplvault_six_hours_cron"
2025-10-15T14:01:16+00:00 [INFO]: Log files clean up action is called. Handler: "GPLVault_Client::cleanup_log_files" Hooked: "gplvault_clean_up_logs"
2025-10-15T14:01:16+00:00 [INFO]: Log file deleted successfully. (api-manager-2025-10-07-9cabc387fc2dc851698785fb63dfbc42.log) Handler: "GPLVault_Client::cleanup_log_files" Hooked: "gplvault_clean_up_logs"
2025-10-15T14:01:16+00:00 [INFO]: Log file deleted successfully. (cron-actions-2025-10-07-7007bcb573066bc98bc3a3794e500a6f.log) Handler: "GPLVault_Client::cleanup_log_files" Hooked: "gplvault_clean_up_logs"
2025-10-15T14:01:16+00:00 [INFO]: Log files clean up action is completed. Handler: "GPLVault_Client::cleanup_log_files" Hooked: "gplvault_clean_up_logs"
2025-10-15T14:01:17+00:00 [INFO]: Status check action is called. Handler: "GPLVault_Client::daily_status_check" Hooked: "gplvault_status_check"
2025-10-15T14:01:17+00:00 [INFO]: Status check is completed successfully. Handler: "GPLVault_Client::daily_status_check" Hooked: "gplvault_status_check"
2025-10-15T14:01:17+00:00 [INFO]: Client schema fetch action is called. Handler: "GPLVault_Client::update_client_schema" Hooked: "gplvault_fetch_client_schema"
2025-10-15T14:01:17+00:00 [INFO]: Client schema fetch is completed successfully. Handler: "GPLVault_Client::update_client_schema" Hooked: "gplvault_fetch_client_schema"
2025-10-15T14:01:17+00:00 [INFO]: Schema update action is called. Handler: "GPLVault_Client::update_schema" Hooked: "gplvault_six_hours_cron"
2025-10-15T14:01:18+00:00 [INFO]: Schema update is successfully completed. Handler: "GPLVault_Client::update_schema" Hooked: "gplvault_six_hours_cron"
2025-10-15T20:39:57+00:00 [INFO]: Schema update action is called. Handler: "GPLVault_Client::update_schema" Hooked: "gplvault_six_hours_cron"
2025-10-15T20:39:58+00:00 [INFO]: Schema update is successfully completed. Handler: "GPLVault_Client::update_schema" Hooked: "gplvault_six_hours_cron"
2025-10-15T22:00:37+00:00 [INFO]: Client schema fetch action is called. Handler: "GPLVault_Client::update_client_schema" Hooked: "gplvault_fetch_client_schema"
2025-10-15T22:00:37+00:00 [INFO]: Client schema fetch is completed successfully. Handler: "GPLVault_Client::update_client_schema" Hooked: "gplvault_fetch_client_schema"
